<?xml version="1.0" encoding="UTF-8"?>
<!-- Generated by org.testng.reporters.JUnitReportReporter -->
<testsuite hostname="DESKTOP-1KB0RC3" failures="0" tests="1" name="practice.Flipkart" time="85.594" errors="0" timestamp="2022-12-03T12:26:14 IST" skipped="0">
  <testcase classname="practice.Flipkart" name="AddToCartProductTest" time="85.594"/>
  <system-out/>
</testsuite> <!-- practice.Flipkart -->
