<?xml version="1.0" encoding="UTF-8"?>
<!-- Generated by org.testng.reporters.JUnitReportReporter -->
<testsuite hostname="DESKTOP-1KB0RC3" failures="0" tests="1" name="practice.IccCricketRankingDropDown" time="18.043" errors="0" timestamp="2022-10-17T22:35:52 IST" skipped="0">
  <testcase classname="practice.IccCricketRankingDropDown" name="rankingDropDown" time="18.043"/>
  <system-out/>
</testsuite> <!-- practice.IccCricketRankingDropDown -->
