<?xml version="1.0" encoding="UTF-8"?>
<!-- Generated by org.testng.reporters.JUnitReportReporter -->
<testsuite hostname="DESKTOP-1KB0RC3" failures="0" tests="1" name="practice.Test0" time="73.448" errors="0" timestamp="2022-10-17T12:21:58 IST" skipped="0">
  <testcase classname="practice.Test0" name="AddToCartProduct" time="73.448"/>
  <system-out/>
</testsuite> <!-- practice.Test0 -->
