<?xml version="1.0" encoding="UTF-8"?>
<!-- Generated by org.testng.reporters.JUnitReportReporter -->
<testsuite hostname="DESKTOP-1KB0RC3" failures="0" tests="1" name="practice.FlipkartTest" time="61.429" errors="0" timestamp="2022-11-27T22:48:31 IST" skipped="0">
  <testcase classname="practice.FlipkartTest" name="flipkartTest" time="61.429"/>
  <system-out/>
</testsuite> <!-- practice.FlipkartTest -->
