<?xml version="1.0" encoding="UTF-8"?>
<!-- Generated by org.testng.reporters.JUnitReportReporter -->
<testsuite hostname="DESKTOP-1KB0RC3" failures="0" tests="1" name="practice.IccWebTable" time="33.520" errors="0" timestamp="2022-11-28T10:23:55 IST" skipped="0">
  <testcase classname="practice.IccWebTable" name="webTableTest" time="33.520"/>
  <system-out/>
</testsuite> <!-- practice.IccWebTable -->
