<?xml version="1.0" encoding="UTF-8"?>
<!-- Generated by org.testng.reporters.JUnitReportReporter -->
<testsuite hostname="DESKTOP-1KB0RC3" failures="0" tests="1" name="database.DBTest" time="3.051" errors="0" timestamp="2022-12-01T13:31:15 IST" skipped="0">
  <testcase classname="database.DBTest" name="databaseTest" time="3.051"/>
  <system-out/>
</testsuite> <!-- database.DBTest -->
