<?xml version="1.0" encoding="UTF-8"?>
<!-- Generated by org.testng.reporters.JUnitReportReporter -->
<testsuite hostname="DESKTOP-1KB0RC3" failures="0" tests="1" name="practice.MoviesName" time="79.722" errors="0" timestamp="2022-12-01T16:57:07 IST" skipped="0">
  <testcase classname="practice.MoviesName" name="bookMyShowTest" time="79.722"/>
  <system-out/>
</testsuite> <!-- practice.MoviesName -->
