<?xml version="1.0" encoding="UTF-8"?>
<!-- Generated by org.testng.reporters.JUnitReportReporter -->
<testsuite hostname="DESKTOP-1KB0RC3" failures="0" tests="1" name="practice.sample" time="42.195" errors="0" timestamp="2022-10-18T10:10:54 IST" skipped="0">
  <testcase classname="practice.sample" name="sampleProg" time="42.195"/>
  <system-out/>
</testsuite> <!-- practice.sample -->
