<?xml version="1.0" encoding="UTF-8"?>
<!-- Generated by org.testng.reporters.JUnitReportReporter -->
<testsuite hostname="DESKTOP-1KB0RC3" failures="0" tests="1" name="practice.IccMultipleWebTables" time="18.712" errors="0" timestamp="2022-11-23T17:32:00 IST" skipped="0">
  <testcase classname="practice.IccMultipleWebTables" name="webTableTestAll" time="18.712"/>
  <system-out/>
</testsuite> <!-- practice.IccMultipleWebTables -->
