<?xml version="1.0" encoding="UTF-8"?>
<!-- Generated by org.testng.reporters.JUnitReportReporter -->
<testsuite hostname="DESKTOP-1KB0RC3" failures="0" tests="1" name="redbus.RedBus" time="124.642" errors="0" timestamp="2022-11-25T19:10:44 IST" skipped="0">
  <testcase classname="redbus.RedBus" name="sourceAndDestinationTest" time="124.642"/>
  <system-out/>
</testsuite> <!-- redbus.RedBus -->
