<?xml version="1.0" encoding="UTF-8"?>
<!-- Generated by org.testng.reporters.JUnitReportReporter -->
<testsuite hostname="DESKTOP-1KB0RC3" failures="0" tests="1" name="practice.BookMyShow" time="82.376" errors="0" timestamp="2022-12-01T15:21:54 IST" skipped="0">
  <testcase classname="practice.BookMyShow" name="bookMyShowTest" time="82.376"/>
  <system-out/>
</testsuite> <!-- practice.BookMyShow -->
