<?xml version="1.0" encoding="UTF-8"?>
<!-- Generated by org.testng.reporters.JUnitReportReporter -->
<testsuite hostname="DESKTOP-1KB0RC3" failures="0" tests="1" name="practice.IccTeam" time="33.207" errors="0" timestamp="2022-11-28T10:25:23 IST" skipped="0">
  <testcase classname="practice.IccTeam" name="team" time="33.207"/>
  <system-out/>
</testsuite> <!-- practice.IccTeam -->
