<?xml version="1.0" encoding="UTF-8"?>
<!-- Generated by org.testng.reporters.JUnitReportReporter -->
<testsuite hostname="DESKTOP-1KB0RC3" failures="0" tests="1" name="redbus.Red" time="40.541" errors="0" timestamp="2022-11-25T21:33:43 IST" skipped="0">
  <testcase classname="redbus.Red" name="sourceAndDestinationTest" time="40.541"/>
  <system-out/>
</testsuite> <!-- redbus.Red -->
