<?xml version="1.0" encoding="UTF-8"?>
<!-- Generated by org.testng.reporters.JUnitReportReporter -->
<testsuite hostname="DESKTOP-1KB0RC3" failures="0" tests="1" name="practice.NotificationPopup" time="11.660" errors="0" timestamp="2022-10-18T16:42:37 IST" skipped="0">
  <testcase classname="practice.NotificationPopup" name="handlePopup" time="11.660"/>
  <system-out/>
</testsuite> <!-- practice.NotificationPopup -->
