<?xml version="1.0" encoding="UTF-8"?>
<!-- Generated by org.testng.reporters.JUnitReportReporter -->
<testsuite hostname="DESKTOP-1KB0RC3" failures="0" tests="1" name="database.DataBase" time="3.045" errors="0" timestamp="2022-11-30T21:12:18 IST" skipped="0">
  <testcase classname="database.DataBase" name="databaseTest" time="3.045"/>
  <system-out/>
</testsuite> <!-- database.DataBase -->
